running egg_info
writing ../../build/pose_reactive_robot/pose_reactive_robot.egg-info/PKG-INFO
writing dependency_links to ../../build/pose_reactive_robot/pose_reactive_robot.egg-info/dependency_links.txt
writing entry points to ../../build/pose_reactive_robot/pose_reactive_robot.egg-info/entry_points.txt
writing requirements to ../../build/pose_reactive_robot/pose_reactive_robot.egg-info/requires.txt
writing top-level names to ../../build/pose_reactive_robot/pose_reactive_robot.egg-info/top_level.txt
reading manifest file '../../build/pose_reactive_robot/pose_reactive_robot.egg-info/SOURCES.txt'
writing manifest file '../../build/pose_reactive_robot/pose_reactive_robot.egg-info/SOURCES.txt'
running build
running build_py
copying pose_reactive_robot/pet_state_classifier_node.py -> /home/user/PoseReactive_PetBot/build/pose_reactive_robot/build/lib/pose_reactive_robot
running install
running install_lib
copying /home/user/PoseReactive_PetBot/build/pose_reactive_robot/build/lib/pose_reactive_robot/pet_state_classifier_node.py -> /home/user/PoseReactive_PetBot/install/pose_reactive_robot/lib/python3.10/site-packages/pose_reactive_robot
byte-compiling /home/user/PoseReactive_PetBot/install/pose_reactive_robot/lib/python3.10/site-packages/pose_reactive_robot/pet_state_classifier_node.py to pet_state_classifier_node.cpython-310.pyc
running install_data
running install_egg_info
removing '/home/user/PoseReactive_PetBot/install/pose_reactive_robot/lib/python3.10/site-packages/pose_reactive_robot-0.0.0-py3.10.egg-info' (and everything under it)
Copying ../../build/pose_reactive_robot/pose_reactive_robot.egg-info to /home/user/PoseReactive_PetBot/install/pose_reactive_robot/lib/python3.10/site-packages/pose_reactive_robot-0.0.0-py3.10.egg-info
running install_scripts
Installing pet_state_classifier_node script to /home/user/PoseReactive_PetBot/install/pose_reactive_robot/lib/pose_reactive_robot
Installing pose_detector_node script to /home/user/PoseReactive_PetBot/install/pose_reactive_robot/lib/pose_reactive_robot
Installing robot_controller_node script to /home/user/PoseReactive_PetBot/install/pose_reactive_robot/lib/pose_reactive_robot
Installing video_publisher_node script to /home/user/PoseReactive_PetBot/install/pose_reactive_robot/lib/pose_reactive_robot
writing list of installed files to '/home/user/PoseReactive_PetBot/build/pose_reactive_robot/install.log'
