[0.403s] Invoking command in '/home/user/PoseReactive_PetBot/src/pose_reactive_robot': PYTHONPATH=/home/user/PoseReactive_PetBot/build/pose_reactive_robot/prefix_override:/usr/lib/python3/dist-packages/colcon_core/task/python/colcon_distutils_commands:/home/user/PoseReactive_PetBot/install/pose_reactive_robot/lib/python3.10/site-packages:${PYTHONPATH} /usr/bin/python3 -W ignore:setup.py install is deprecated -W ignore:easy_install command is deprecated setup.py egg_info --egg-base ../../build/pose_reactive_robot build --build-base /home/user/PoseReactive_PetBot/build/pose_reactive_robot/build install --record /home/user/PoseReactive_PetBot/build/pose_reactive_robot/install.log --single-version-externally-managed install_data
[0.549s] running egg_info
[0.549s] writing ../../build/pose_reactive_robot/pose_reactive_robot.egg-info/PKG-INFO
[0.549s] writing dependency_links to ../../build/pose_reactive_robot/pose_reactive_robot.egg-info/dependency_links.txt
[0.549s] writing entry points to ../../build/pose_reactive_robot/pose_reactive_robot.egg-info/entry_points.txt
[0.550s] writing requirements to ../../build/pose_reactive_robot/pose_reactive_robot.egg-info/requires.txt
[0.550s] writing top-level names to ../../build/pose_reactive_robot/pose_reactive_robot.egg-info/top_level.txt
[0.551s] reading manifest file '../../build/pose_reactive_robot/pose_reactive_robot.egg-info/SOURCES.txt'
[0.551s] writing manifest file '../../build/pose_reactive_robot/pose_reactive_robot.egg-info/SOURCES.txt'
[0.551s] running build
[0.551s] running build_py
[0.552s] copying pose_reactive_robot/pet_state_classifier_node.py -> /home/user/PoseReactive_PetBot/build/pose_reactive_robot/build/lib/pose_reactive_robot
[0.552s] running install
[0.552s] running install_lib
[0.553s] copying /home/user/PoseReactive_PetBot/build/pose_reactive_robot/build/lib/pose_reactive_robot/pet_state_classifier_node.py -> /home/user/PoseReactive_PetBot/install/pose_reactive_robot/lib/python3.10/site-packages/pose_reactive_robot
[0.553s] byte-compiling /home/user/PoseReactive_PetBot/install/pose_reactive_robot/lib/python3.10/site-packages/pose_reactive_robot/pet_state_classifier_node.py to pet_state_classifier_node.cpython-310.pyc
[0.554s] running install_data
[0.554s] running install_egg_info
[0.556s] removing '/home/user/PoseReactive_PetBot/install/pose_reactive_robot/lib/python3.10/site-packages/pose_reactive_robot-0.0.0-py3.10.egg-info' (and everything under it)
[0.556s] Copying ../../build/pose_reactive_robot/pose_reactive_robot.egg-info to /home/user/PoseReactive_PetBot/install/pose_reactive_robot/lib/python3.10/site-packages/pose_reactive_robot-0.0.0-py3.10.egg-info
[0.556s] running install_scripts
[0.570s] Installing pet_state_classifier_node script to /home/user/PoseReactive_PetBot/install/pose_reactive_robot/lib/pose_reactive_robot
[0.571s] Installing pose_detector_node script to /home/user/PoseReactive_PetBot/install/pose_reactive_robot/lib/pose_reactive_robot
[0.571s] Installing robot_controller_node script to /home/user/PoseReactive_PetBot/install/pose_reactive_robot/lib/pose_reactive_robot
[0.571s] Installing video_publisher_node script to /home/user/PoseReactive_PetBot/install/pose_reactive_robot/lib/pose_reactive_robot
[0.571s] writing list of installed files to '/home/user/PoseReactive_PetBot/build/pose_reactive_robot/install.log'
[0.587s] Invoked command in '/home/user/PoseReactive_PetBot/src/pose_reactive_robot' returned '0': PYTHONPATH=/home/user/PoseReactive_PetBot/build/pose_reactive_robot/prefix_override:/usr/lib/python3/dist-packages/colcon_core/task/python/colcon_distutils_commands:/home/user/PoseReactive_PetBot/install/pose_reactive_robot/lib/python3.10/site-packages:${PYTHONPATH} /usr/bin/python3 -W ignore:setup.py install is deprecated -W ignore:easy_install command is deprecated setup.py egg_info --egg-base ../../build/pose_reactive_robot build --build-base /home/user/PoseReactive_PetBot/build/pose_reactive_robot/build install --record /home/user/PoseReactive_PetBot/build/pose_reactive_robot/install.log --single-version-externally-managed install_data
