[1.077s] Invoking command in '/home/user/PoseReactive_PetBot/src/pose_reactive_robot': PYTHONPATH=/home/user/PoseReactive_PetBot/build/pose_reactive_robot/prefix_override:/usr/lib/python3/dist-packages/colcon_core/task/python/colcon_distutils_commands:/home/user/PoseReactive_PetBot/install/pose_reactive_robot/lib/python3.10/site-packages:${PYTHONPATH} /usr/bin/python3 -W ignore:setup.py install is deprecated -W ignore:easy_install command is deprecated setup.py egg_info --egg-base ../../build/pose_reactive_robot build --build-base /home/user/PoseReactive_PetBot/build/pose_reactive_robot/build install --record /home/user/PoseReactive_PetBot/build/pose_reactive_robot/install.log --single-version-externally-managed install_data
[1.460s] running egg_info
[1.461s] writing ../../build/pose_reactive_robot/pose_reactive_robot.egg-info/PKG-INFO
[1.469s] writing dependency_links to ../../build/pose_reactive_robot/pose_reactive_robot.egg-info/dependency_links.txt
[1.470s] writing entry points to ../../build/pose_reactive_robot/pose_reactive_robot.egg-info/entry_points.txt
[1.470s] writing requirements to ../../build/pose_reactive_robot/pose_reactive_robot.egg-info/requires.txt
[1.470s] writing top-level names to ../../build/pose_reactive_robot/pose_reactive_robot.egg-info/top_level.txt
[1.472s] reading manifest file '../../build/pose_reactive_robot/pose_reactive_robot.egg-info/SOURCES.txt'
[1.474s] writing manifest file '../../build/pose_reactive_robot/pose_reactive_robot.egg-info/SOURCES.txt'
[1.474s] running build
[1.474s] running build_py
[1.475s] copying pose_reactive_robot/robot_controller_node.py -> /home/user/PoseReactive_PetBot/build/pose_reactive_robot/build/lib/pose_reactive_robot
[1.476s] running install
[1.476s] running install_lib
[1.478s] copying /home/user/PoseReactive_PetBot/build/pose_reactive_robot/build/lib/pose_reactive_robot/robot_controller_node.py -> /home/user/PoseReactive_PetBot/install/pose_reactive_robot/lib/python3.10/site-packages/pose_reactive_robot
[1.481s] byte-compiling /home/user/PoseReactive_PetBot/install/pose_reactive_robot/lib/python3.10/site-packages/pose_reactive_robot/robot_controller_node.py to robot_controller_node.cpython-310.pyc
[1.483s] running install_data
[1.483s] running install_egg_info
[1.487s] removing '/home/user/PoseReactive_PetBot/install/pose_reactive_robot/lib/python3.10/site-packages/pose_reactive_robot-0.0.0-py3.10.egg-info' (and everything under it)
[1.490s] Copying ../../build/pose_reactive_robot/pose_reactive_robot.egg-info to /home/user/PoseReactive_PetBot/install/pose_reactive_robot/lib/python3.10/site-packages/pose_reactive_robot-0.0.0-py3.10.egg-info
[1.493s] running install_scripts
[1.530s] Installing pet_state_classifier_node script to /home/user/PoseReactive_PetBot/install/pose_reactive_robot/lib/pose_reactive_robot
[1.531s] Installing pose_detector_node script to /home/user/PoseReactive_PetBot/install/pose_reactive_robot/lib/pose_reactive_robot
[1.533s] Installing robot_controller_node script to /home/user/PoseReactive_PetBot/install/pose_reactive_robot/lib/pose_reactive_robot
[1.533s] Installing video_publisher_node script to /home/user/PoseReactive_PetBot/install/pose_reactive_robot/lib/pose_reactive_robot
[1.533s] writing list of installed files to '/home/user/PoseReactive_PetBot/build/pose_reactive_robot/install.log'
[1.578s] Invoked command in '/home/user/PoseReactive_PetBot/src/pose_reactive_robot' returned '0': PYTHONPATH=/home/user/PoseReactive_PetBot/build/pose_reactive_robot/prefix_override:/usr/lib/python3/dist-packages/colcon_core/task/python/colcon_distutils_commands:/home/user/PoseReactive_PetBot/install/pose_reactive_robot/lib/python3.10/site-packages:${PYTHONPATH} /usr/bin/python3 -W ignore:setup.py install is deprecated -W ignore:easy_install command is deprecated setup.py egg_info --egg-base ../../build/pose_reactive_robot build --build-base /home/user/PoseReactive_PetBot/build/pose_reactive_robot/build install --record /home/user/PoseReactive_PetBot/build/pose_reactive_robot/install.log --single-version-externally-managed install_data
