/home/user/PoseReactive_PetBot/install/pose_reactive_robot/lib/python3.10/site-packages/pose_reactive_robot/__init__.py
/home/user/PoseReactive_PetBot/install/pose_reactive_robot/lib/python3.10/site-packages/pose_reactive_robot/robot_controller_node.py
/home/user/PoseReactive_PetBot/install/pose_reactive_robot/lib/python3.10/site-packages/pose_reactive_robot/pet_state_classifier_node.py
/home/user/PoseReactive_PetBot/install/pose_reactive_robot/lib/python3.10/site-packages/pose_reactive_robot/video_publisher_node.py
/home/user/PoseReactive_PetBot/install/pose_reactive_robot/lib/python3.10/site-packages/pose_reactive_robot/pose_detector_node.py
/home/user/PoseReactive_PetBot/install/pose_reactive_robot/lib/python3.10/site-packages/pose_reactive_robot/__pycache__/__init__.cpython-310.pyc
/home/user/PoseReactive_PetBot/install/pose_reactive_robot/lib/python3.10/site-packages/pose_reactive_robot/__pycache__/robot_controller_node.cpython-310.pyc
/home/user/PoseReactive_PetBot/install/pose_reactive_robot/lib/python3.10/site-packages/pose_reactive_robot/__pycache__/pet_state_classifier_node.cpython-310.pyc
/home/user/PoseReactive_PetBot/install/pose_reactive_robot/lib/python3.10/site-packages/pose_reactive_robot/__pycache__/video_publisher_node.cpython-310.pyc
/home/user/PoseReactive_PetBot/install/pose_reactive_robot/lib/python3.10/site-packages/pose_reactive_robot/__pycache__/pose_detector_node.cpython-310.pyc
/home/user/PoseReactive_PetBot/install/pose_reactive_robot/share/ament_index/resource_index/packages/pose_reactive_robot
/home/user/PoseReactive_PetBot/install/pose_reactive_robot/share/pose_reactive_robot/package.xml
/home/user/PoseReactive_PetBot/install/pose_reactive_robot/lib/python3.10/site-packages/pose_reactive_robot-0.0.0-py3.10.egg-info/entry_points.txt
/home/user/PoseReactive_PetBot/install/pose_reactive_robot/lib/python3.10/site-packages/pose_reactive_robot-0.0.0-py3.10.egg-info/requires.txt
/home/user/PoseReactive_PetBot/install/pose_reactive_robot/lib/python3.10/site-packages/pose_reactive_robot-0.0.0-py3.10.egg-info/SOURCES.txt
/home/user/PoseReactive_PetBot/install/pose_reactive_robot/lib/python3.10/site-packages/pose_reactive_robot-0.0.0-py3.10.egg-info/top_level.txt
/home/user/PoseReactive_PetBot/install/pose_reactive_robot/lib/python3.10/site-packages/pose_reactive_robot-0.0.0-py3.10.egg-info/zip-safe
/home/user/PoseReactive_PetBot/install/pose_reactive_robot/lib/python3.10/site-packages/pose_reactive_robot-0.0.0-py3.10.egg-info/PKG-INFO
/home/user/PoseReactive_PetBot/install/pose_reactive_robot/lib/python3.10/site-packages/pose_reactive_robot-0.0.0-py3.10.egg-info/dependency_links.txt
/home/user/PoseReactive_PetBot/install/pose_reactive_robot/lib/pose_reactive_robot/pet_state_classifier_node
/home/user/PoseReactive_PetBot/install/pose_reactive_robot/lib/pose_reactive_robot/pose_detector_node
/home/user/PoseReactive_PetBot/install/pose_reactive_robot/lib/pose_reactive_robot/robot_controller_node
/home/user/PoseReactive_PetBot/install/pose_reactive_robot/lib/pose_reactive_robot/video_publisher_node
